<?xml version="1.0" encoding="UTF-8"?>
<!-- Generated by org.testng.reporters.JUnitReportReporter -->
<testsuite hostname="NILAMMA-W10" name="ETK.LandingPage" tests="1" failures="0" timestamp="4 Dec 2020 12:48:06 GMT" time="16.710" errors="0">
  <testcase name="LandingPageNavigation" time="16.710" classname="ETK.LandingPage"/>
</testsuite> <!-- ETK.LandingPage -->
