<?xml version="1.0" encoding="UTF-8"?>
<!-- Generated by org.testng.reporters.JUnitReportReporter -->
<testsuite hostname="NILAMMA-W10" name="com.crm.tests.TestPage" tests="2" failures="0" timestamp="18 Dec 2020 13:15:56 GMT" time="99.894" errors="0">
  <testcase name="HomePageNavigation" time="34.288" classname="com.crm.tests.TestPage"/>
  <testcase name="LandingPageNavigation" time="65.606" classname="com.crm.tests.TestPage"/>
</testsuite> <!-- com.crm.tests.TestPage -->
