<?xml version="1.0" encoding="UTF-8"?>
<!-- Generated by org.testng.reporters.JUnitReportReporter -->
<testsuite hostname="NILAMMA-W10" name="ETK.HomePage" tests="2" failures="0" timestamp="7 Dec 2020 12:58:26 GMT" time="29.012" errors="0">
  <testcase name="LandingPageNavigation" time="12.557" classname="ETK.HomePage"/>
  <testcase name="LandingPageNavigation" time="16.455" classname="ETK.HomePage"/>
</testsuite> <!-- ETK.HomePage -->
