<?xml version="1.0" encoding="UTF-8"?>
<!-- Generated by org.testng.reporters.JUnitReportReporter -->
<testsuite hostname="NILAMMA-W10" name="ETK.validateTitle" tests="1" failures="0" timestamp="8 Dec 2020 12:47:00 GMT" time="8.386" errors="0">
  <testcase name="LandingPageNavigation" time="8.386" classname="ETK.validateTitle"/>
</testsuite> <!-- ETK.validateTitle -->
